<?xml version="1.0" encoding="UTF-8"?>
<!-- Generated by org.testng.reporters.JUnitXMLReporter -->
<testsuite ignored="0" hostname="LAPTOP-G267JE63" failures="1" tests="3" name="Test" time="28.012" errors="0" timestamp="2025-12-09T11:59:59 GST">
  <testcase classname="testpages.LoginTest" name="ClickOnRegister" time="1.563"/>
  <testcase classname="testpages.RegisterTest" name="EnterCustomerDetails" time="4.459">
    <failure type="java.lang.AssertionError" message="expected [Welcome test] but found [ParaBank | Customer Created]">
      <![CDATA[java.lang.AssertionError: expected [Welcome test] but found [ParaBank | Customer Created]
at pages.Register.getpagetitle(Register.java:84)
at testpages.RegisterTest.EnterCustomerDetails(RegisterTest.java:28)
at java.base/java.util.ArrayList.forEach(ArrayList.java:1596)
... Removed 31 stack frames]]>
    </failure>
  </testcase> <!-- EnterCustomerDetails -->
  <testcase classname="testpages.OverviewTest" name="EnterCredentials" time="2.589"/>
</testsuite> <!-- Test -->
