<?xml version="1.0" encoding="UTF-8"?>
<!-- Generated by org.testng.reporters.JUnitXMLReporter -->
<testsuite ignored="0" hostname="LAPTOP-G267JE63" failures="0" tests="3" name="Test" time="20.5" errors="0" timestamp="2025-12-11T13:13:38 GST">
  <testcase classname="testpages.LoginTest" name="ClickOnRegister" time="1.595"/>
  <testcase classname="testpages.RegisterTest" name="EnterCustomerDetails" time="2.968"/>
  <testcase classname="testpages.OverviewTest" name="EnterCredentials" time="1.906"/>
</testsuite> <!-- Test -->
