<?xml version="1.0" encoding="UTF-8"?>
<testng-results ignored="0" total="1" passed="1" failed="0" skipped="0">
  <reporter-output>
  </reporter-output>
  <suite started-at="2025-12-11T13:12:52 GST" name="Default suite" finished-at="2025-12-11T13:12:58 GST" duration-ms="5752">
    <groups>
    </groups>
    <test started-at="2025-12-11T13:12:52 GST" name="Default test" finished-at="2025-12-11T13:12:58 GST" duration-ms="5752">
      <class name="testpages.OverviewTest">
        <test-method is-config="true" signature="driverSetup()[pri:0, instance:testpages.OverviewTest@2d29b4ee]" started-at="2025-12-11T13:12:53 GST" name="driverSetup" finished-at="2025-12-11T13:12:57 GST" duration-ms="3803" status="PASS">
          <reporter-output>
          </reporter-output>
        </test-method> <!-- driverSetup -->
        <test-method signature="EnterCredentials(java.lang.String,java.lang.String)[pri:0, instance:testpages.OverviewTest@2d29b4ee]" started-at="2025-12-11T13:12:57 GST" name="EnterCredentials" data-provider="loginData" finished-at="2025-12-11T13:12:58 GST" duration-ms="687" status="PASS">
          <params>
            <param index="0">
              <value>
                <![CDATA[USER]]>
              </value>
            </param>
            <param index="1">
              <value>
                <![CDATA[ONE]]>
              </value>
            </param>
          </params>
          <reporter-output>
          </reporter-output>
        </test-method> <!-- EnterCredentials -->
        <test-method is-config="true" signature="teardown()[pri:0, instance:testpages.OverviewTest@2d29b4ee]" started-at="2025-12-11T13:12:58 GST" name="teardown" finished-at="2025-12-11T13:12:58 GST" duration-ms="221" status="PASS">
          <reporter-output>
          </reporter-output>
        </test-method> <!-- teardown -->
      </class> <!-- testpages.OverviewTest -->
    </test> <!-- Default test -->
  </suite> <!-- Default suite -->
</testng-results>
